<?xml version="1.0" encoding="UTF-8"?>
<!-- Generated by org.testng.reporters.JUnitReportReporter -->
<testsuite hostname="KBP1-LHP-F55746" name="com.ac.luxtask.Test1" tests="1" failures="0" timestamp="28 Sep 2017 14:26:14 GMT" time="0.951" errors="0">
  <testcase name="test1" time="0.951" classname="com.ac.luxtask.Test1"/>
</testsuite> <!-- com.ac.luxtask.Test1 -->
